/root/git-remind
/root/zsh-z
/root/setup_new
/root/gl-v0.8.8-linux-x86_64
/mnt/i/a_waisted/004_3SOME_SHARING_MUNCHING_N_FUCKING_RAW_PAPI_PIG_BOY_ASS_-_RIM_CUM_EDIT_H_genre
/mnt/i/a_waisted/12_Inch_Big_Dick_SoulTaker414_hls_1080p_genre_great,_monster
/mnt/i/a_waisted/1395348831517151235_1395348831517151235_genre_great
/mnt/i/a_waisted/17.10.2021_thisvid.com_verbal_dude_donkey_dick_spraying_a_huge_load_compilation.mp4__2021)_genre_great,_monster
/mnt/i/a_waisted/17_07_03_23_52raw_Chem_Pty_Pigs_Two_Latino_Suck_Pigs_Milk_Bbc_&_Bwc_Daddy_Cock_Load_Unknown__2020__genre_chem
/mnt/i/a_waisted/2am;_Fire_Hot_Twink_Craves_&_Receives_Monster_Dick_in_the_Kitchen__Night__-_Rough_Bareback_POV_BritishTwinks_hls_1080p_genre_great,_monster
/mnt/i/a_waisted/Any_Video_Converter
/mnt/i/a_waisted/Captures
/mnt/i/a_waisted/DB black hole 2
/mnt/i/a_waisted/From the Tap Vol 02
/mnt/i/a_waisted/Garrett_Passed_Out_Hypno_genre_Action
/mnt/i/a_waisted/Monster_White_Cock_genre
/mnt/i/a_waisted/NZB DB abraxas678
/mnt/i/a_waisted/PicCollector
/mnt/i/a_waisted/Popper_Hypno_Self_Juicy_Ass_Creampie_Compilation_genre_Video
/mnt/i/a_waisted/Premiumize.me
/mnt/i/a_waisted/STREAM_TEMP
/mnt/i/a_waisted/USB_BACKUP
/mnt/i/a_waisted/USB_Sticks
/mnt/i/a_waisted/V
/mnt/i/a_waisted/YouTv Best
/mnt/i/a_waisted/_jd_source_1_gangster_1_great_genre_great,_tattoo
/mnt/i/a_waisted/_jd_source_1_rough_daddy_fucks_his_property_genre_dad,_great
/mnt/i/a_waisted/a_downloads
/mnt/i/a_waisted/a_sortFILESout
/mnt/i/a_waisted/a_sorted
/mnt/i/a_waisted/a_tempcopy
/mnt/i/a_waisted/cloudHQ_ARCHIVE
/mnt/i/a_waisted/copy
/mnt/i/a_waisted/download_station
/mnt/i/a_waisted/drunk (12)
/mnt/i/a_waisted/drunk (13)
/mnt/i/a_waisted/drunk (14)
/mnt/i/a_waisted/drunk (15)
/mnt/i/a_waisted/drunk (16)deltest
/mnt/i/a_waisted/drunk (17)deltest
/mnt/i/a_waisted/drunk (18)
/mnt/i/a_waisted/drunk (19)
/mnt/i/a_waisted/drunk (2)deltest
/mnt/i/a_waisted/drunk (20)
/mnt/i/a_waisted/drunk (21)
/mnt/i/a_waisted/drunk (22)
/mnt/i/a_waisted/drunk (23)
/mnt/i/a_waisted/drunk (24)
/mnt/i/a_waisted/drunk (25)
/mnt/i/a_waisted/drunk (26)
/mnt/i/a_waisted/drunk (27)
/mnt/i/a_waisted/drunk (28)
/mnt/i/a_waisted/drunk (29)
/mnt/i/a_waisted/drunk (3)
/mnt/i/a_waisted/drunk (30)
/mnt/i/a_waisted/drunk (31)
/mnt/i/a_waisted/drunk (4)deltest
/mnt/i/a_waisted/drunk (5)deltest
/mnt/i/a_waisted/drunk (6)
/mnt/i/a_waisted/drunk (7)deltest
/mnt/i/a_waisted/drunk (8)deltest
/mnt/i/a_waisted/drunk (9)deltest
/mnt/i/a_waisted/from_nas
/mnt/i/a_waisted/from_snas
/mnt/i/a_waisted/jdownloader
/mnt/i/a_waisted/longdeltest
/mnt/i/a_waisted/monster
/mnt/i/a_waisted/node-red
/mnt/i/a_waisted/sn_DB_GDdeltest
/mnt/i/a_waisted/temp
/mnt/i/a_waisted/toNAS
/mnt/i/a_waisted/tousb
/mnt/i/a_waisted/von_nas
/mnt/i/a_waisted/xxx
/mnt/i/@SynologyCloudSync
/mnt/i/AAA
/mnt/i/AAAB
/mnt/i/Apps
/mnt/i/Backup of Dropbox (amdamdes@gmail.com)
/mnt/i/Backup of Gmail (amdamdes@mymails.cc)
/mnt/i/Backup of Google Calendar (amdamdes@gmail.com)
/mnt/i/Backup of Google Contacts (amdamdes@gmail.com)
/mnt/i/Backup of WebDAV (abraxas678@http:91.65.190.76:5005_)
/mnt/i/Backup of WebDAV (abraxas678@http:abraxas678.synology.me:5005_)
/mnt/i/Bali von Stef
/mnt/i/Belege
/mnt/i/Buchhaltung
/mnt/i/CCleaner
/mnt/i/CloudHQ2
/mnt/i/Colab Notebooks
/mnt/i/DEVDMW
/mnt/i/DigitalMediaWorkers
/mnt/i/Documents
/mnt/i/Downloads
/mnt/i/Dropbox
/mnt/i/Emby Sync
/mnt/i/FOLGO
/mnt/i/FamilienEvent Berlin
/mnt/i/GD_upload
/mnt/i/GooglePhotos
/mnt/i/GooglePhotosamdamdes
/mnt/i/HandyDownload
/mnt/i/HandyVideos
/mnt/i/Home Assistant Backups
/mnt/i/Home Assistant Backups35 45 nro
/mnt/i/Home Assistant Backups45
/mnt/i/Home Assistant Backups55
/mnt/i/Home Assistant Backups70
/mnt/i/Home Assistant Snapshots25
/mnt/i/Home Assistant Snapshots47
/mnt/i/IFTTT
/mnt/i/IOBROKER_backup
/mnt/i/IOBROKER_backupDir
/mnt/i/Icons
/mnt/i/Join Files
/mnt/i/Kodi
/mnt/i/Kodi1
/mnt/i/Kodi18
/mnt/i/Kodi18.8
/mnt/i/Kodi18_1
/mnt/i/Kodi19
/mnt/i/Kodi2
/mnt/i/Kodi3
/mnt/i/Kodi_backup
/mnt/i/ME2
/mnt/i/ME2_backup
/mnt/i/ME3
/mnt/i/MEC2
/mnt/i/Media
/mnt/i/Monero
/mnt/i/New folder
/mnt/i/PRint-STEUER
/mnt/i/Pictures
/mnt/i/PortableApps
/mnt/i/PremiumizeMe
/mnt/i/PremiumizeMe_backup
/mnt/i/Rabo
/mnt/i/Rabobank
/mnt/i/SaneBox
/mnt/i/Schneggen_Share
/mnt/i/Sleep as Android
/mnt/i/SmsContactsBackup
/mnt/i/Tasker
/mnt/i/UP
/mnt/i/USB_backup
/mnt/i/UpdraftPlus
/mnt/i/Waisted
/mnt/i/Waisted_backup
/mnt/i/Zimmer
/mnt/i/_SYNCAPP
/mnt/i/a_HOME_AUTOMATION
/mnt/i/a_VON_UPLOAD_SNAS
/mnt/i/a_docker_transfer_backup
/mnt/i/a_downloads
/mnt/i/a_github
/mnt/i/a_gopro
/mnt/i/a_main
/mnt/i/a_rasp
/mnt/i/a_temp
/mnt/i/a_transfer
/mnt/i/a_transfer_photos_from_amdamdes
/mnt/i/a_waisted_archive_dontlike
/mnt/i/a_waisted_plex_optimized
/mnt/i/a_waistedbackup
/mnt/i/a_waistedbackup_sorted
/mnt/i/audiosergemp4
/mnt/i/auto_notification
/mnt/i/backup
/mnt/i/backupDir
/mnt/i/backup_ME2
/mnt/i/cloudhq
/mnt/i/docker
/mnt/i/docker_final
/mnt/i/ed
/mnt/i/eg
/mnt/i/embyTVquality
/mnt/i/example-gitbrowser.installer-1.0.0.zip (Unzipped Files)
/mnt/i/ghost
/mnt/i/home
/mnt/i/hts-cache
/mnt/i/iso
/mnt/i/mch
/mnt/i/motioneye
/mnt/i/myrclonetemp1647639979
/mnt/i/nzb_watchfoler
/mnt/i/old
/mnt/i/rclone
/mnt/i/sec
/mnt/i/sync
/mnt/i/temp
/mnt/i/thisvid.com
/mnt/i/tmp
/mnt/i/video
/mnt/i/audioserge/audioserge-S01E12-HYPNOBATE02
/mnt/i/audioserge/audioserge-S01E13-PopperNBate04
/mnt/i/audioserge/audioserge-S01E23-Hypnotize_Me_Bro
/mnt/i/audioserge/audioserge-S01E02-PoppersNBat
/mnt/i/audioserge/audioserge-S01E03-666_Satanic_Hypno_Bat
/mnt/i/audioserge/audioserge-S01E04-OBEY_AND_SUBMIT_HYPNO
/mnt/i/audioserge/audioserge-S01E05-PopperNbate_02
/mnt/i/audioserge/audioserge-S01E06-FREE_YOUR_MIND
/mnt/i/audioserge/a_No_match
/mnt/i/audioserge/audioserge
/mnt/i/audioserge/audioserge-S01E01-Satanic_Hypno
/mnt/i/audioserge/audioserge-S01E07-PopperNBate03_Extended_Edit
/mnt/i/audioserge/audioserge-S01E08-StrokeThatCock
/mnt/i/audioserge/audioserge-S01E09-PoppersNBate05
/mnt/i/audioserge/audioserge-S01E10-Lust.Sin.Satan
/mnt/i/audioserge/audioserge-S01E11-BATE_THAT_PENIS
/mnt/i/audioserge/audioserge-S01E14-Addicted_Masturbator
/mnt/i/audioserge/audioserge-S01E15-Hail_Satan
/mnt/i/audioserge/audioserge-S01E16-PenisFuel
/mnt/i/audioserge/audioserge-S01E17-Lets_Jack
/mnt/i/audioserge/audioserge-S01E18-MASTURB8TING_PENIS
/mnt/i/audioserge/audioserge-S01E19-Fuel_Your_Dick
/mnt/i/audioserge/audioserge-S01E20-Satanic_Altur_of_LUST
/mnt/i/audioserge/audioserge-S01E21-MAKE_YOUR_BODY_MOVE_
/mnt/i/audioserge/audioserge-S01E22-LetsStroke_ExtendedEdit
/mnt/i/audioserge/audioserge-S01E24-Hail_Satan_666_Extended_edit
/mnt/i/audioserge/audioserge-S01E26-PoppersNBate06
/mnt/i/audioserge/audioserge-S01E27-Stroke_N_Bate_Re-Edit
/mnt/i/audioserge/audioserge-S01E29-Love_them_Country_Boyz
/mnt/i/audioserge/audioserge-S01E30-BateNCum
/mnt/i/audioserge/audioserge-S01E31-PopperedUp
/mnt/i/audioserge/audioserge-S01E32-Satanic_Lust_02
/mnt/i/audioserge/audioserge-S01E33-RUB_AND_TUG
/mnt/i/audioserge/audioserge-S01E34-Lets_fuel_our_Lust_
/mnt/i/audioserge/audioserge-S01E37-Bate_Now_EXTENDED_EDIT
/mnt/i/audioserge/audioserge-S01E38-Dark_N_Twisted
/mnt/i/audioserge/audioserge-S01E39-Piss_and_Cum
/mnt/i/audioserge/audioserge-S01E40-SATANIC_HYPNO-MK_Ultra_EDIT-
/mnt/i/audioserge/audioserge-S01E41-Mind_Fuck_dark_edition
/mnt/i/audioserge/audioserge-S01E42-Serve_the_Darkness
/mnt/i/audioserge/audioserge-S01E43-Hail_Satan_edit_5
/mnt/i/audioserge/audioserge-S01E44-Masturbate_that_Dong
/mnt/i/audioserge/audioserge-S01E45-Bator_Trance
/mnt/i/audioserge/audioserge-S01E46-Satanic_Bootleg
/mnt/i/audioserge/audioserge-S01E47-JACK_U_OFF_NOW_
/mnt/i/audioserge/audioserge-S01E48-Unload_and_explode_
/mnt/i/audioserge/audioserge-S01E49-Satanic_Bootleg_2-short_Edit-
/mnt/i/audioserge/audioserge-S01E50-welcome_to_the_Darkside_compilation
/mnt/i/audioserge/audioserge-S01E51-FLOOD_YOUR_MIND_WITH_HIS_LUST
/mnt/i/audioserge/audioserge-S01E52-SATANS_HARDSTYLE_MIX
/mnt/i/audioserge/audioserge-S01E53-Satanic_Popper_Mashup_Hardstyle_Edition
/mnt/i/audioserge/audioserge-S01E54-SATANS_HYPNOTIC_WANK
/mnt/i/audioserge/audioserge-S01E55-SHAKE_THAT_ASS
/mnt/i/audioserge/audioserge-S01E56-Penis_is_my_God
/mnt/i/audioserge/audioserge-S01E57-JUST_STROKING_PENIS
/mnt/i/audioserge/audioserge-S01E58-Gooning_Penis_
/mnt/i/audioserge/audioserge-S01E59-Let_his_Lust_corrupt_your_mind_
/mnt/i/audioserge/audioserge-S01E61-Mindfuck_2.0-Dark_Edition-
/mnt/i/audioserge/audioserge-S01E64-Satanic_Mindtrip
/mnt/i/audioserge/audioserge-S01E66-Satanic_Hardstyle_mix_part_3_150bpm
/mnt/i/audioserge/audioserge-S01E67-Party_with_the_Devil_Hardstyle
/mnt/i/audioserge/audioserge-S01E69-A_taste_of_his_lust-level_1-
/mnt/i/audioserge/audioserge-S01E73-Cum_n_taste_his_lust_+_Anal_Stimulation_Frequency-headphones_works_best-
/mnt/i/audioserge/audioserge-S01E75-Satan,_Cock,_and_heavy_METAL
/mnt/i/audioserge/audioserge-S01E76-Jack_N_Beats-Preview_Clip-stay_tuned_for_full_version
/mnt/i/audioserge/audioserge-S01E77-Jack_n_Beats-extended_Preview-
/mnt/i/audioserge/audioserge-S01E78-WanknBate_with_G_Spot_Stimulation_Frequency-use_Headphones-
/mnt/i/audioserge/audioserge-S01E79-Satanic_Hardstyle_Remastered_+_G_Spot_Pulse_Frequency-wear_Headphones-
/mnt/i/audioserge/audioserge-S01E80-The_Demonic_Sounds_of_Audioserge_Hardstyle-audioserge_s_Tops_Vids_Compilation-
/mnt/i/audioserge/audioserge-S01E81-Satanic_Alter_Mindset-re-mastered_Audio_with_Prostate_Stimulating_Frequency-
/mnt/i/audioserge/audioserge_-_S01E01_-_Satanic_Hypno
/mnt/i/audioserge/audioserge_-_S01E02_-_PoppersNBat
/mnt/i/audioserge/audioserge_-_S01E03_-_666_Satanic_Hypno_Bat
/mnt/i/audioserge/audioserge_-_S01E04_-_OBEY_AND_SUBMIT_HYPNO
/mnt/i/audioserge/audioserge_-_S01E05_-_PopperNbate_02
/mnt/i/audioserge/audioserge_-_S01E06_-_FREE_YOUR_MIND
/mnt/i/audioserge/audioserge_-_S01E07_-_PopperNBate03_Extended_Edit
/mnt/i/audioserge/audioserge_-_S01E08_-_StrokeThatCock
/mnt/i/audioserge/audioserge_-_S01E09_-_PoppersNBate05
/mnt/i/audioserge/audioserge_-_S01E10_-_Lust.Sin.Satan
/mnt/i/audioserge/audioserge_-_S01E11_-_BATE_THAT_PENIS
/mnt/i/audioserge/audioserge_-_S01E12_-_HYPNOBATE02
/mnt/i/audioserge/audioserge_-_S01E13_-_PopperNBate04
/mnt/i/audioserge/audioserge_-_S01E14_-_Addicted_Masturbator
/mnt/i/audioserge/audioserge_-_S01E15_-_Hail_Satan
/mnt/i/audioserge/audioserge_-_S01E16_-_PenisFuel
/mnt/i/audioserge/audioserge_-_S01E17_-_Lets_Jack
/mnt/i/audioserge/audioserge_-_S01E18_-_MASTURB8TING_PENIS
/mnt/i/audioserge/audioserge_-_S01E19_-_Fuel_Your_Dick
/mnt/i/audioserge/audioserge_-_S01E20_-_Satanic_Altur_of_LUST
/mnt/i/audioserge/audioserge_-_S01E21_-_MAKE_YOUR_BODY_MOVE
/mnt/i/audioserge/audioserge_-_S01E22_-_LetsStroke_ExtendedEdit
/mnt/i/audioserge/audioserge_-_S01E23_-_Hypnotize_Me_Bro
/mnt/i/audioserge/audioserge_-_S01E24_-_Hail_Satan_666_Extended_edit
/mnt/i/audioserge/audioserge_-_S01E25_-_Ava_Satanas
/mnt/i/audioserge/audioserge_-_S01E26_-_PoppersNBate06
/mnt/i/audioserge/audioserge_-_S01E27_-_Stroke_N_Bate_Re-Edit
/mnt/i/audioserge/audioserge_-_S01E28_-_THE_JERKCUMPILATION
/mnt/i/audioserge/audioserge_-_S01E29_-_Love_them_Country_Boyz
/mnt/i/audioserge/audioserge_-_S01E30_-_BateNCum
/mnt/i/audioserge/audioserge_-_S01E31_-_PopperedUp
/mnt/i/audioserge/audioserge_-_S01E32_-_Satanic_Lust_02
/mnt/i/audioserge/audioserge_-_S01E33_-_RUB_AND_TUG
/mnt/i/audioserge/audioserge_-_S01E34_-_Lets_fuel_our_Lust
/mnt/i/audioserge/audioserge_-_S01E35_-_SATANIC_DRONE_HYPNO
/mnt/i/audioserge/audioserge_-_S01E36_-_Satans_Solider_666
/mnt/i/audioserge/audioserge_-_S01E37_-_Bate_Now_EXTENDED_EDIT
/mnt/i/audioserge/audioserge_-_S01E38_-_Dark_N_Twisted
/mnt/i/audioserge/audioserge_-_S01E39_-_Piss_and_Cum
/mnt/i/audioserge/audioserge_-_S01E40_-_SATANIC_HYPNO__MK_Ultra_EDIT_
/mnt/i/audioserge/audioserge_-_S01E41_-_Mind_Fuck_dark_edition
/mnt/i/audioserge/audioserge_-_S01E42_-_Serve_the_Darkness
/mnt/i/audioserge/audioserge_-_S01E43_-_Hail_Satan_edit_5
/mnt/i/audioserge/audioserge_-_S01E44_-_Masturbate_that_Dong
/mnt/i/audioserge/audioserge_-_S01E45_-_Bator_Trance
/mnt/i/audioserge/audioserge_-_S01E46_-_Satanic_Bootleg
/mnt/i/audioserge/audioserge_-_S01E47_-_JACK_U_OFF_NOW
/mnt/i/audioserge/audioserge_-_S01E48_-_Unload_and_explode
/mnt/i/audioserge/audioserge_-_S01E49_-_Satanic_Bootleg_2__short_Edit_
/mnt/i/audioserge/audioserge_-_S01E50_-_welcome_to_the_Darkside_compilation
/mnt/i/audioserge/audioserge_-_S01E51_-_FLOOD_YOUR_MIND_WITH_HIS_LUST
/mnt/i/audioserge/audioserge_-_S01E52_-_SATANS_HARDSTYLE_MIX
/mnt/i/audioserge/audioserge_-_S01E53_-_Satanic_Popper_Mashup_Hardstyle_Edition
/mnt/i/audioserge/audioserge_-_S01E54_-_SATANS_HYPNOTIC_WANK
/mnt/i/audioserge/audioserge_-_S01E55_-_SHAKE_THAT_ASS
/mnt/i/audioserge/audioserge_-_S01E56_-_Penis_is_my_God
/mnt/i/audioserge/audioserge_-_S01E57_-_JUST_STROKING_PENIS
/mnt/i/audioserge/audioserge_-_S01E58_-_Gooning_Penis
/mnt/i/audioserge/audioserge_-_S01E59_-_Let_his_Lust_corrupt_your_mind
/mnt/i/audioserge/audioserge_-_S01E60_-_Cum_and_wank_666
/mnt/i/audioserge/audioserge_-_S01E61_-_Mindfuck_2.0__Dark_Edition)
/mnt/i/audioserge/audioserge_-_S01E62_-_All_Male,_All_the_Time
/mnt/i/audioserge/audioserge_-_S01E63_-_Smoke_&_Cum
/mnt/i/audioserge/audioserge_-_S01E64_-_Satanic_Mindtrip
/mnt/i/audioserge/audioserge_-_S01E65_-_lets_have_a_smoke
/mnt/i/audioserge/audioserge_-_S01E66_-_Satanic_Hardstyle_mix_part_3_150bpm
/mnt/i/audioserge/audioserge_-_S01E67_-_Party_with_the_Devil_Hardstyle
/mnt/i/audioserge/audioserge_-_S01E68_-_TEST_VIDEO__this_is_just_sample_
/mnt/i/audioserge/audioserge_-_S01E69_-_A_taste_of_his_lust__level_1_
/mnt/i/audioserge/audioserge_-_S01E70_-_A_taste_of_his_lust__level_2_
/mnt/i/audioserge/audioserge_-_S01E71_-_Lets_Fuck_up_our_Minds
/mnt/i/audioserge/audioserge_-_S01E72_-_Stroke_then_Jizzzz
/mnt/i/audioserge/audioserge_-_S01E73_-_Cum_n_taste_his_lust_+_Anal_Stimulation_Frequency__headphones_works_best_
/mnt/i/audioserge/audioserge_-_S01E74_-_JACK_ME_OFF_VOL_1_+_ANAL_frequency
/mnt/i/audioserge/audioserge_-_S01E75_-_Satan,_Cock,_&_heavy_METAL
/mnt/i/audioserge/audioserge_-_S01E76_-_Jack_N_Beats__Preview_Clip__stay_tuned_for_full_version
/mnt/i/audioserge/audioserge_-_S01E77_-_Jack_n_Beats__extended_Preview_
/mnt/i/audioserge/audioserge_-_S01E78_-_WanknBate_with_G_Spot_Stimulation_Frequency__use_Headphones_
/mnt/i/audioserge/audioserge_-_S01E79_-_Satanic_Hardstyle_Remastered_+_G_Spot_Pulse_Frequency__wear_Headphones_
/mnt/i/audioserge/audioserge_-_S01E80_-_The_Demonic_Sounds_of_Audioserge_Hardstyle__audioserges_Tops_Vids_Compilation_
/mnt/i/audioserge/audioserge_-_S01E81_-_Satanic_Alter_Mindset__re-mastered_Audio_with_Prostate_Stimulating_Frequency_
/mnt/i/audioserge/cloudhq
/mnt/i/audioserge/docker
/mnt/i/audioserge/download_station
/mnt/i/audioserge/downloads
/mnt/i/audioserge/downloads2
/mnt/i/audioserge/gallery
/mnt/i/audioserge/jdownloader
/mnt/i/audioserge/large
/mnt/i/audioserge/media
/mnt/i/audioserge/new_torrent
/mnt/i/audioserge/path
/mnt/i/audioserge/q
/mnt/i/audioserge/small
/mnt/i/audioserge/sync
/mnt/i/audioserge/thumbs
/volume2/cloudhq/q/video/ffmpeg_plain/done/old
/volume2/cloudhq/q/video/q
/volume2/cloudhq/q/auto-pic
/volume2/downloads2/CONVERT
/volume2/downloads2/a_downloads3
/volume2/downloads2/test
/volume2/downloads2/pvr
/volume2/downloads2/embyconvert
/volume2/downloads2/test2
/volume2/downloads2/toUSB
/volume2/downloads2/embyconvert_ADMIN_Dec-26-071344-2021_WhiteSpaceConflict
/volume2/downloads2/_gsdata_
/volume2/downloads2/_1_Compress
/volume2/downloads2/Alfredosian_video_#0267_-_marinestud_-_session_1_part_1__2021_
/volume2/downloads2/Transmission
/volume2/downloads2/ROTERSCHIEB
/volume2/downloads2/convert_tester
/volume2/downloads2/HypnoCollectionP4
/volume2/downloads2/HypnoCollectionP1
/volume2/downloads2/HypnoCollectionP3
/volume2/downloads2/HypnoCollectionP2
/volume2/downloads2/Macho_Fucker_-_Monster_Del_Caribe_2
/volume2/downloads2/delete_jd_dups
/volume2/downloads2/download_station2
/volume2/downloads2/Patriot_Red
/volume2/downloads2/New Folder
/volume2/downloads2/Johann_Wood
/volume2/downloads2/Altriak_Popperbate_Collection_3
/volume2/downloads2/tester
/volume2/downloads2/tmp
/volume2/downloads2/embyconvert2
/volume2/downloads2/Hypno_Thugs_Steven
/volume2/downloads2/VeryHairyMan88
/volume2/downloads2/tralalabala
/volume2/downloads2/converted
/volume2/downloads2/jdownloader_mp4_dups
/volume2/downloads2/royal
/volume2/downloads2/hypno_series
/volume2/downloads2/Popperbate_collection
/volume2/downloads2/[Kien-biu]_69_October_[Anaconda]
/volume2/downloads2/_+50__PUTAIN___2021_
/volume2/downloads2/Liam_Burlington
/volume2/downloads2/deleteme
/volume2/downloads2/audioserge
/volume2/downloads2/hung_horse
/volume2/downloads2/kodi
/volume1/tvstreamrecord
/volume1/docker
/volume1/chat
/volume1/docker_final
/volume1/kodi_hub
/volume1/PortableApps
/volume1/cloudhq
/volume1/surveillance
/volume1/homes
/volume1/do
/volume1/music
/volume1/downloads
/volume1/sync
/volume1/NAKIVO_Repository
/volume1/downloads2
/volume1/docker-1
/volume1/NetBackup
/volume1/web1
/volume1/photo
/volume1/docker_final-1
/volume1/Lenovo_Kodi
/volume1/video
/volume1/MEC
/volume1/web3
/volume1/home
/volume1/web_packages1
/volume1/Kodi
/volume1/mnt
/volume1/git
/volume1/AppData
/volume1/web_packages
/volume1/push
/volume1/web
/volume1/backup
/volume2/tvstreamrecord
/volume2/chat
/volume2/kodi_hub
/volume2/PortableApps
/volume2/surveillance
/volume2/homes
/volume2/do
/volume2/music
/volume2/downloads
/volume2/sync
/volume2/NAKIVO_Repository
/volume2/docker-1
/volume2/NetBackup
/volume2/web1
/volume2/photo
/volume2/docker_final-1
/volume2/Lenovo_Kodi
/volume2/video
/volume2/MEC
/volume2/web3
/volume2/home
/volume2/web_packages1
/volume2/Kodi
/volume2/mnt
/volume2/git
/volume2/AppData
/volume2/web_packages
/volume2/push
/volume2/sec
/volume2/web
/volume2/backup
/volume2/downloads2/jdownloader2/nativeads
/volume2/downloads2/jdownloader2/rta
/volume2/downloads2/jdownloader2/nouislider_min
/volume2/downloads2/jdownloader2/videojs-seek
/volume2/downloads2/jdownloader2/global_min
/volume2/downloads2/jdownloader2/flowplayer-3-2-11-min
/volume2/downloads2/jdownloader2/7BP1HQ7
/volume2/downloads2/jdownloader2/main_min
/volume2/downloads2/jdownloader2/Tube
/volume2/downloads2/jdownloader2/jquery_easing_1_3
/volume2/downloads2/jdownloader2/4
/volume2/downloads2/jdownloader2/1602
/volume2/downloads2/jdownloader2/0
/volume2/downloads2/jdownloader2/2
/volume2/downloads2/jdownloader2/index-min-dbdb5cae905d5b4ef4db02e6aefcee13
/volume2/downloads2/jdownloader2/jquery_hoverIntent_min
/volume2/downloads2/jdownloader2/jquery-min
/volume2/downloads2/jdownloader2/ie10fix
/volume2/downloads2/jdownloader2/videojs_5_vast_vpaid_min
/volume2/downloads2/jdownloader2/NRF0AlwkQ-afcNct9UUGM6Y_fm4
/volume2/downloads2/jdownloader2/ie_min
/volume2/downloads2/jdownloader2/video-slider
/volume2/downloads2/jdownloader2/vca62cdc149_search-results
/volume2/downloads2/jdownloader2/es5-shim
/volume2/downloads2/jdownloader2/d
/volume2/downloads2/jdownloader2/8TwJTA7
/volume2/downloads2/jdownloader2/load
/volume2/downloads2/jdownloader2/jquery-colorbox-min
/volume2/downloads2/jdownloader2/n
/volume2/downloads2/jdownloader2/dooralante
/volume2/downloads2/jdownloader2/jquery_lavalamp_min
/volume2/downloads2/jdownloader2/ads
/volume2/downloads2/jdownloader2/videojs-watermark
/volume2/downloads2/jdownloader2/info-min-09e6a3c422e1ee331cc73cf6f579b1c9
/volume2/downloads2/jdownloader2/watch_min
/volume2/downloads2/jdownloader2/KcNMiwb
/volume2/downloads2/jdownloader2/jquery-ui_min
/volume2/downloads2/jdownloader2/counter
/volume2/downloads2/jdownloader2/tag
/volume2/downloads2/jdownloader2/jquery-mmenu-min
/volume2/downloads2/jdownloader2/v6affe0b4c6_hls
/volume2/downloads2/jdownloader2/adframe
/volume2/downloads2/jdownloader2/thumbchange
/volume2/downloads2/jdownloader2/vee7d658790_parental-control
/volume2/downloads2/jdownloader2/functions_min
/volume2/downloads2/jdownloader2/WqAJjwb
/volume2/downloads2/jdownloader2/maEXyA4
/volume2/downloads2/jdownloader2/526x298_t
/volume2/downloads2/jdownloader2/ratings
/volume2/downloads2/jdownloader2/YGkmJA9
/volume2/downloads2/jdownloader2/526x298_10
/volume2/downloads2/jdownloader2/libs-min-e61dcc0011993eb8d9f19491c8bcc37c
/volume2/downloads2/jdownloader2/fluidplayer-min
/volume2/downloads2/jdownloader2/all
/volume2/downloads2/jdownloader2/index
/volume2/downloads2/jdownloader2/scripts
/volume2/downloads2/jdownloader2/addthis-widget
/volume2/downloads2/jdownloader2/v487d483e90
/volume2/downloads2/jdownloader2/html5shiv-min
/volume2/downloads2/jdownloader2/526x298_8
/volume2/downloads2/jdownloader2/526x298_9
/volume2/downloads2/jdownloader2/rocket-loader_min
/volume2/downloads2/jdownloader2/526x298_4
/volume2/downloads2/jdownloader2/526x298_5
/volume2/downloads2/jdownloader2/526x298_6
/volume2/downloads2/jdownloader2/526x298_7
/volume2/downloads2/jdownloader2/v8986834f92_common
/volume2/downloads2/jdownloader2/526x298_1
/volume2/downloads2/jdownloader2/videojs-thumbnails
/volume2/downloads2/jdownloader2/master_spot
/volume2/downloads2/jdownloader2/video
/volume2/downloads2/jdownloader2/ad-provider
/volume2/cloudhq/q/video/toUSB
/volume2/cloudhq/q/video/video-compress
/volume2/cloudhq
/volume2/cloudhq/q/img
/volume2/cloudhq/q/shareme
/volume2/cloudhq/q/autoplay
/volume2/cloudhq/q/goodsync
/volume2/cloudhq/q/qsnas
/volume2/cloudhq/q/snas
/volume2/cloudhq/q/data
/volume2/cloudhq/q/done
/volume2/cloudhq/q/2mobile
/volume2/cloudhq/q/cloudhq
/volume2/docker_final_del
/volume2/docker_del
/mnt/t/docker/osync
/mnt/t/docker/kodi6
/mnt/t/docker/docker_wine_dotnet
/mnt/t/docker/plex2
/mnt/t/docker/plexguide
/mnt/t/docker/yacht
/mnt/t/docker/worker_debian
/mnt/t/docker/ffmpeg_thumb
/mnt/t/docker/syncthing
/mnt/t/docker/getip_tester
/mnt/t/docker/rcs
/mnt/t/docker/openhab
/mnt/t/docker/plexmqtt
/mnt/t/docker/permanent
/mnt/t/docker/autoplay-1641886484
/mnt/t/docker/rclone_mount_firetv
/mnt/t/docker/iob_from_do
/mnt/t/docker/gui-test
/mnt/t/docker/tvh
/mnt/t/docker/w_vpn
/mnt/t/docker/nano_worker
/mnt/t/docker/nodered
/mnt/t/docker/nfs_server
/mnt/t/docker/iob
/mnt/t/docker/cron2
/mnt/t/docker/haven
/mnt/t/docker/thumbsup_embyconvert
/mnt/t/docker/docker-cron
/mnt/t/docker/flexget
/mnt/t/docker/rclone1
/mnt/t/docker/whatsapp
/mnt/t/docker/xteve
/mnt/t/docker/watchfolder
/mnt/t/docker/windows2
/mnt/t/docker/#recycle
/mnt/t/docker/worker
/mnt/t/docker/rclone-mount-db
/mnt/t/docker/windows
/mnt/t/docker/doomsday_machine
/mnt/t/docker/guide2go
/mnt/t/docker/telegram24
/mnt/t/docker/nextpvr
/mnt/t/docker/Github
/mnt/t/docker/sprinkle
/mnt/t/docker/config
/mnt/t/docker/watchfolder_cloudhq
/mnt/t/docker/mounter
/mnt/t/docker/ha_medien_steuerung
/mnt/t/docker/dlnacast-master
/mnt/t/docker/iobroker4
/mnt/t/docker/thumbs24
/mnt/t/docker/template_wine
/mnt/t/docker/tukiyo
/mnt/t/docker/node-red_aufbewahrung
/mnt/t/docker/goodsync-1641657864
/mnt/t/docker/plex_converter
/mnt/t/docker/KODI_several
/mnt/t/docker/sitechange
/mnt/t/docker/pasteboard
/mnt/t/docker/tmm2
/mnt/t/docker/rclone_mount_lenovo
/mnt/t/docker/seafile
/mnt/t/docker/rc
/mnt/t/docker/autoplay-1641970720
/mnt/t/docker/ha35_media_first
/mnt/t/docker/vlc
/mnt/t/docker/chrome_nv2
/mnt/t/docker/tele_cli
/mnt/t/docker/jownloader_dev
/mnt/t/docker/mariadb
/mnt/t/docker/imagemagick
/mnt/t/docker/root
/mnt/t/docker/node_red2
/mnt/t/docker/rclonesync
/mnt/t/docker/chrome_nv3
/mnt/t/docker/rclone_test
/mnt/t/docker/workdir
/mnt/t/docker/rclone-mount-gd3
/mnt/t/docker/sshpass
/mnt/t/docker/tmp
/mnt/t/docker/telegram
/mnt/t/docker/jd4
/mnt/t/docker/tv_old
/mnt/t/docker/skype
/mnt/t/docker/quickbox
/mnt/t/docker/tmm
/mnt/t/docker/mycolumn
/mnt/t/docker/mosquitto
/mnt/t/docker/utorrent
/mnt/t/docker/worker_ubuntu
/mnt/t/docker/New Folder With Items
/mnt/t/docker/watchfolder_neue_downloads
/mnt/t/docker/chrome_nv
/mnt/t/docker/docker-baseimage-gui
/mnt/t/docker/thumbsup
/mnt/t/docker/telegram3
/mnt/t/docker/watchfolder2
/mnt/t/docker/utils
/mnt/t/docker/main
/mnt/t/docker/composerize
/mnt/t/docker/node_red-1641877376
/mnt/t/docker/ha35_media
/mnt/t/docker/#archive
/mnt/t/docker/tutorials
/mnt/t/docker/vlc2
/mnt/t/docker/tv
/mnt/t/docker/chrome-novnc
/mnt/t/docker/home_assistant2
/mnt/t/docker/node_red-1641986142
/mnt/t/docker/rclone_mount_kodifiretv
/mnt/t/docker/#backup
/mnt/t/docker/tukiyo-chrome-novnc
/mnt/t/docker/#snapshot
/mnt/t/docker/maker
/mnt/t/docker/lubuntu
/mnt/t/docker/rsinc
/mnt/t/docker/jellyfin
/mnt/t/docker/chrome3
/mnt/t/docker/chrome2
/mnt/t/docker/chrome4
/mnt/t/docker/auto_backup
/mnt/t/docker/emby_convert
/mnt/t/docker/home_assistant
/mnt/t/docker/vlc3
/mnt/t/docker/join
/mnt/t/docker/docker-wine-dotnet
/mnt/t/docker/New Folder With Items 1
/mnt/t/docker/rclonebrowser_ubuntu
/mnt/t/docker/dotnet
/mnt/t/docker/watchfolder-1640830731
/mnt/t/docker/android
/mnt/t/docker/rclone_mount_firetv_del
/mnt/t/docker/rclone
/mnt/t/docker/cloudron
/mnt/t/docker/lab
/mnt/t/docker/jdownloader_sorter
/mnt/t/docker/nextcloud
/mnt/t/docker/template
/mnt/t/docker/#trash
/mnt/t/docker/rclonebrowser
/mnt/t/docker/visualstudio
/mnt/t/docker/wireguard
/mnt/t/docker/node-red-aufbewahrung
/mnt/t/docker/rclonesyncwd
/mnt/t/docker/sshconnect
/mnt/t/docker/automoli
/mnt/t/docker/nordvpn_wireguard
/mnt/t/docker/docker (1)
/mnt/t/docker/mozu
/mnt/t/docker/thunderbird
/mnt/t/docker/starter
/mnt/t/docker/adguard
/mnt/t/docker/rclone_mount_do
/mnt/t/docker/xteve2
/mnt/t/docker_final/worker/locate
/mnt/t/docker_final/worker/motuz
/mnt/t/docker_final/worker/backup
/mnt/t/docker_final/worker/periodic
/mnt/t/downloads2/jdownloader2/scripts
/mnt/t/downloads2/jdownloader2/ie8fix
/mnt/t/downloads2/jdownloader2/info-min-09e6a3c422e1ee331cc73cf6f579b1c9
/mnt/t/downloads2/jdownloader2/v25c5bb0627_header
/mnt/t/downloads2/jdownloader2/526x298_t
/mnt/t/downloads2/jdownloader2/jquery-mmenu-min
/mnt/t/downloads2/jdownloader2/main_min
/mnt/t/downloads2/jdownloader2/526x298_8
/mnt/t/downloads2/jdownloader2/tag
/mnt/t/downloads2/jdownloader2/526x298_9
/mnt/t/downloads2/jdownloader2/load
/mnt/t/downloads2/jdownloader2/526x298_4
/mnt/t/downloads2/jdownloader2/526x298_5
/mnt/t/downloads2/jdownloader2/watch_min
/mnt/t/downloads2/jdownloader2/526x298_6
/mnt/t/downloads2/jdownloader2/526x298_7
/mnt/t/downloads2/jdownloader2/526x298_1
/mnt/t/downloads2/jdownloader2/526x298_2
/mnt/t/downloads2/jdownloader2/526x298_3
/mnt/t/downloads2/jdownloader2/rocket-loader_min
/mnt/t/downloads2/jdownloader2/4
/mnt/t/downloads2/jdownloader2/1
/mnt/t/downloads2/jdownloader2/0
/mnt/t/downloads2/jdownloader2/2
/mnt/t/downloads2/jdownloader2/videojs-seek
/mnt/t/downloads2/jdownloader2/7BP1HQ7
/mnt/t/downloads2/jdownloader2/d
/mnt/t/downloads2/jdownloader2/n
/mnt/t/downloads2/jdownloader2/ratings
/mnt/t/downloads2/jdownloader2/dooralante
/mnt/t/downloads2/jdownloader2/ie_min
/mnt/t/downloads2/jdownloader2/jquery-min
/mnt/t/downloads2/jdownloader2/jquery-colorbox-min
/mnt/t/downloads2/jdownloader2/index
/mnt/t/downloads2/jdownloader2/ads
/mnt/t/downloads2/jdownloader2/video
/mnt/t/downloads2/jdownloader2/counter
/mnt/t/downloads2/jdownloader2/526x298_10
/mnt/t/downloads2/jdownloader2/NRF0AlwkQ-afcNct9UUGM6Y_fm4
/mnt/t/downloads2/jdownloader2/v487d483e90
/mnt/t/downloads2/jdownloader2/lazysizes_min
/mnt/t/downloads2/jdownloader2/libs-min-e61dcc0011993eb8d9f19491c8bcc37c
/mnt/t/downloads2/jdownloader2/addthis-widget
/mnt/t/downloads2/jdownloader2/vee7d658790_parental-control
/mnt/t/downloads2/jdownloader2/v6affe0b4c6_hls
/mnt/t/downloads2/jdownloader2/ie10fix
/mnt/t/downloads2/jdownloader2/videojs-thumbnails
/mnt/t/downloads2/jdownloader2/fluidplayer-min
/mnt/t/downloads2/jdownloader2/maEXyA4
/mnt/t/downloads2/jdownloader2/jquery_lavalamp_min
/mnt/t/downloads2/jdownloader2/1602
/mnt/t/downloads2/jdownloader2/nativeads
/mnt/t/downloads2/jdownloader2/functions_min
/mnt/t/downloads2/jdownloader2/nouislider_min
/mnt/t/downloads2/jdownloader2/vca62cdc149_search-results
/mnt/t/downloads2/jdownloader2/flowplayer-3-2-11-min
/mnt/t/downloads2/jdownloader2/v8986834f92_common
/mnt/t/downloads2/jdownloader2/rta
/mnt/t/downloads2/jdownloader2/videojs-watermark
/mnt/t/downloads2/jdownloader2/jquery-ui_min
/mnt/t/downloads2/jdownloader2/html5shiv-min
/mnt/t/downloads2/jdownloader2/KcNMiwb
/mnt/t/downloads2/jdownloader2/jquery_hoverIntent_min
/mnt/t/downloads2/jdownloader2/Tube
/mnt/t/downloads2/jdownloader2/a_moved_pictures
/mnt/t/downloads2/jdownloader2/adframe
/mnt/t/downloads2/jdownloader2/v7257f5bf77_runtime
/mnt/t/downloads2/jdownloader2/8TwJTA7
/mnt/t/downloads2/jdownloader2/global_min
/mnt/t/downloads2/jdownloader2/jquery_easing_1_3
/mnt/t/downloads2/jdownloader2/videojs_5_vast_vpaid_min
/mnt/t/downloads2/jdownloader2/es5-shim
/mnt/t/downloads2/jdownloader2/ad-provider
/mnt/t/downloads2/jdownloader2/master_spot
/mnt/t/downloads2/jdownloader2/WqAJjwb
/mnt/t/downloads2/jdownloader2/YGkmJA9
/mnt/t/downloads2/jdownloader2/index-min-dbdb5cae905d5b4ef4db02e6aefcee13
/mnt/t/downloads2/jdownloader2/thumbchange
/mnt/t/downloads2/jdownloader2/video-slider
/mnt/t/downloads2/jdownloader2/all
/mnt/t/downloads2/CONVERT
/mnt/t/downloads2/a_downloads3
/mnt/t/downloads2/test
/mnt/t/downloads2/pvr
/mnt/t/downloads2/embyconvert
/mnt/t/downloads2/test2
/mnt/t/downloads2/#recycle
/mnt/t/downloads2/toUSB
/mnt/t/downloads2/embyconvert_ADMIN_Dec-26-071344-2021_WhiteSpaceConflict
/mnt/t/downloads2/_gsdata_
/mnt/t/downloads2/_1_Compress
/mnt/t/downloads2/Alfredosian_video_#0267_-_marinestud_-_session_1_part_1__2021_
/mnt/t/downloads2/Transmission
/mnt/t/downloads2/ROTERSCHIEB
/mnt/t/downloads2/convert_tester
/mnt/t/downloads2/HypnoCollectionP4
/mnt/t/downloads2/HypnoCollectionP1
/mnt/t/downloads2/HypnoCollectionP3
/mnt/t/downloads2/HypnoCollectionP2
/mnt/t/downloads2/Macho_Fucker_-_Monster_Del_Caribe_2
/mnt/t/downloads2/delete_jd_dups
/mnt/t/downloads2/download_station2
/mnt/t/downloads2/Patriot_Red
/mnt/t/downloads2/New Folder
/mnt/t/downloads2/Johann_Wood
/mnt/t/downloads2/Altriak_Popperbate_Collection_3
/mnt/t/downloads2/tester
/mnt/t/downloads2/tmp
/mnt/t/downloads2/embyconvert2
/mnt/t/downloads2/Hypno_Thugs_Steven
/mnt/t/downloads2/VeryHairyMan88
/mnt/t/downloads2/tralalabala
/mnt/t/downloads2/converted
/mnt/t/downloads2/jdownloader_mp4_dups
/mnt/t/downloads2/royal
/mnt/t/downloads2/hypno_series
/mnt/t/downloads2/Popperbate_collection
/mnt/t/downloads2/[Kien-biu]_69_October_[Anaconda]
/mnt/t/downloads2/_+50__PUTAIN___2021_
/mnt/t/downloads2/Liam_Burlington
/mnt/t/downloads2/deleteme
/mnt/t/downloads2/audioserge
/mnt/t/downloads2/hung_horse
/mnt/t/downloads2/kodi
/mnt/t/downloads2/tmp_stream_gd
/mnt/t/MEC_1_1
/mnt/t/MEC_3
/mnt/t/MEC_2
/mnt/t/MEC_1
/mnt/t/MEC_2_1
/mnt/t/MEC
/mnt/i/my drive/a_waisted/from_snas/download_station2
/mnt/i/my drive/a_waisted/from_snas/pvr
/mnt/i/my drive/a_waisted/from_snas/HypnoCollectionP3
/mnt/i/my drive/a_waisted/from_snas/HypnoCollectionP2
/mnt/i/my drive/a_waisted/from_snas/HypnoCollectionP4
/mnt/i/my drive/a_waisted/from_snas/Liam_Burlington
/mnt/i/my drive/a_waisted/from_snas/Johann_Wood
/mnt/i/my drive/a_waisted/from_snas/Patriot_Red
/mnt/i/my drive/a_waisted/from_snas/a_downloads3
/mnt/i/my drive/a_waisted/from_snas/HypnoCollectionP1
/mnt/i/my drive/a_waisted/from_snas/CONVERT
/mnt/i/my drive/a_waisted/from_snas/test2
/mnt/i/my drive/a_waisted/from_snas/Popperbate_collection
/mnt/i/my drive/a_waisted/from_snas/tmp_stream_gd
/mnt/i/my drive/a_waisted/from_snas/embyconvert2
/mnt/i/my drive/a_waisted/from_snas/kodi
/mnt/i/my drive/a_waisted/from_snas/tralalabala
/mnt/i/my drive/a_waisted/from_snas/Transmission
/mnt/i/my drive/a_waisted/from_snas/tester
/mnt/i/my drive/a_waisted/from_snas/New-Folder
/mnt/i/my drive/a_waisted/from_snas/converted
/mnt/i/my drive/a_waisted/from_snas/2delete
/mnt/i/my drive/a_waisted/cloudHQ_ARCHIVE
/mnt/i/my drive/a_waisted/USB_Sticks
/mnt/i/my drive/a_waisted/Popper_Hypno_Self_Juicy_Ass_Creampie_Compilation_genre_Video
/mnt/i/my drive/a_waisted/Monster_White_Cock_genre
/mnt/i/my drive/a_waisted/Garrett_Passed_Out_Hypno_genre_Action
/mnt/i/my drive/a_waisted/Any_Video_Converter
/mnt/i/my drive/a_waisted/2am;_Fire_Hot_Twink_Craves_&_Receives_Monster_Dick_in_the_Kitchen__Night__-_Rough_Bareback_POV_BritishTwinks_hls_1080p_genre_great,_monster
/mnt/i/my drive/a_waisted/17_07_03_23_52raw_Chem_Pty_Pigs_Two_Latino_Suck_Pigs_Milk_Bbc_&_Bwc_Daddy_Cock_Load_Unknown__2020__genre_chem
/mnt/i/my drive/a_waisted/1395348831517151235_1395348831517151235_genre_great
/mnt/i/my drive/a_waisted/12_Inch_Big_Dick_SoulTaker414_hls_1080p_genre_great,_monster
/mnt/i/my drive/a_waisted/004_3SOME_SHARING_MUNCHING_N_FUCKING_RAW_PAPI_PIG_BOY_ASS_-_RIM_CUM_EDIT_H_genre
/mnt/i/my drive/a_waisted/From the Tap Vol 02
/mnt/i/my drive/a_waisted/DB black hole 2
/mnt/i/my drive/a_waisted/NZB DB abraxas678
/mnt/i/my drive/a_waisted/YouTv Best
/mnt/i/my drive/a_waisted/17.10.2021_thisvid.com_verbal_dude_donkey_dick_spraying_a_huge_load_compilation.mp4__2021)_genre_great,_monster
/mnt/i/my drive/a_waisted/PicCollector
/mnt/i/my drive/a_waisted/a_sorted
/mnt/i/my drive/a_waisted/a_sortFILESout
/mnt/i/my drive/a_waisted/a_downloads
/mnt/i/my drive/a_waisted/a_tempcopy
/mnt/i/my drive/a_waisted/Captures
/mnt/i/my drive/a_waisted/tousb
/mnt/i/my drive/a_waisted/node-red
/mnt/i/my drive/a_waisted/from_nas
/mnt/i/my drive/a_waisted/jdownloader
/mnt/i/my drive/a_waisted/download_station
/mnt/i/my drive/a_waisted/von_nas
/mnt/i/my drive/a_waisted/temp
/mnt/i/my drive/a_waisted/USB_BACKUP
/mnt/i/my drive/a_waisted/V
/mnt/i/my drive/a_waisted/monster
/mnt/i/my drive/a_waisted/Premiumize.me
/mnt/i/my drive/a_waisted/toNAS
/mnt/i/my drive/a_waisted/copy
/mnt/i/my drive/a_waisted/xxx
/mnt/i/my drive/a_waisted/longdeltest
/mnt/i/my drive/a_waisted/sn_DB_GDdeltest
/mnt/i/my drive/a_waisted/drunk (12)
/mnt/i/my drive/a_waisted/drunk (13)
/mnt/i/my drive/a_waisted/drunk (14)
/mnt/i/my drive/a_waisted/drunk (15)
/mnt/i/my drive/a_waisted/drunk (16)deltest
/mnt/i/my drive/a_waisted/drunk (17)deltest
/mnt/i/my drive/a_waisted/drunk (18)
/mnt/i/my drive/a_waisted/drunk (19)
/mnt/i/my drive/a_waisted/drunk (2)deltest
/mnt/i/my drive/a_waisted/drunk (20)
/mnt/i/my drive/a_waisted/drunk (21)
/mnt/i/my drive/a_waisted/drunk (23)
/mnt/i/my drive/a_waisted/drunk (22)
/mnt/i/my drive/a_waisted/drunk (24)
/mnt/i/my drive/a_waisted/drunk (25)
/mnt/i/my drive/a_waisted/drunk (26)
/mnt/i/my drive/a_waisted/drunk (27)
/mnt/i/my drive/a_waisted/drunk (28)
/mnt/i/my drive/a_waisted/drunk (29)
/mnt/i/my drive/a_waisted/drunk (3)
/mnt/i/my drive/a_waisted/drunk (30)
/mnt/i/my drive/a_waisted/drunk (31)
/mnt/i/my drive/a_waisted/drunk (4)deltest
/mnt/i/my drive/a_waisted/drunk (5)deltest
/mnt/i/my drive/a_waisted/drunk (6)
/mnt/i/my drive/a_waisted/drunk (7)deltest
/mnt/i/my drive/a_waisted/drunk (8)deltest
/mnt/i/my drive/a_waisted/drunk (9)deltest
/mnt/i/my drive/a_waisted/_jd_source_1_rough_daddy_fucks_his_property_genre_dad,_great
/mnt/i/my drive/a_waisted/_jd_source_1_gangster_1_great_genre_great,_tattoo
/mnt/i/my drive/Downloads
/mnt/i/my drive/Schneggen_Share
/mnt/i/my drive/Belege
/mnt/i/my drive/Media
/mnt/i/my drive/DigitalMediaWorkers
/mnt/i/my drive/PortableApps
/mnt/i/my drive/Rabobank
/mnt/i/my drive/UP (1)
/mnt/i/my drive/Sleep as Android
/mnt/i/my drive/UpdraftPlus
/mnt/i/my drive/Rabo
/mnt/i/my drive/DEVDMW
/mnt/i/my drive/UP
/mnt/i/my drive/PRint-STEUER
/mnt/i/my drive/Bali von Stef
/mnt/i/my drive/Monero
/mnt/i/my drive/IFTTT
/mnt/i/my drive/backup
/mnt/i/my drive/SaneBox
/mnt/i/my drive/Waisted_backup
/mnt/i/my drive/GooglePhotos
/mnt/i/my drive/HandyDownload
/mnt/i/my drive/HandyVideos
/mnt/i/my drive/Backup of Dropbox (amdamdes@gmail.com)
/mnt/i/my drive/a_waistedbackup
/mnt/i/my drive/Waisted
/mnt/i/my drive/Emby Sync
/mnt/i/my drive/nzb_watchfoler
/mnt/i/my drive/home
/mnt/i/my drive/Kodi
/mnt/i/my drive/Kodi_backup
/mnt/i/my drive/PremiumizeMe
/mnt/i/my drive/PremiumizeMe_backup
/mnt/i/my drive/example-gitbrowser.installer-1.0.0.zip (Unzipped Files)
/mnt/i/my drive/Pictures
/mnt/i/my drive/Buchhaltung
/mnt/i/my drive/CCleaner
/mnt/i/my drive/Tasker
/mnt/i/my drive/SmsContactsBackup
/mnt/i/my drive/_SYNCAPP
/mnt/i/my drive/Documents
/mnt/i/my drive/embyTVquality
/mnt/i/my drive/Icons
/mnt/i/my drive/Join Files (3)
/mnt/i/my drive/Join Files (2)
/mnt/i/my drive/Join Files (1)
/mnt/i/my drive/Join Files
/mnt/i/my drive/a_gopro
/mnt/i/my drive/ME2
/mnt/i/my drive/a_github
/mnt/i/my drive/My Drive
/mnt/i/my drive/old
/mnt/i/my drive/a_waisted_archive_dontlike
/mnt/i/my drive/a_rasp
/mnt/i/my drive/a_downloads
/mnt/i/my drive/a_transfer_photos_from_amdamdes
/mnt/i/my drive/New folder
/mnt/i/my drive/Dropbox
/mnt/i/my drive/a_waistedbackup_sorted
/mnt/i/my drive/a_waisted_plex_optimized
/mnt/i/my drive/backup_ME2
/mnt/i/my drive/ME2_backup
/mnt/i/my drive/FamilienEvent Berlin
/mnt/i/my drive/a_temp
/mnt/i/my drive/motioneye
/mnt/i/my drive/CloudHQ2
/mnt/i/my drive/Home Assistant Snapshots47
/mnt/i/my drive/a_HOME_AUTOMATION
/mnt/i/my drive/IOBROKER_backup
/mnt/i/my drive/IOBROKER_backupDir
/mnt/i/my drive/Home Assistant Backups45
/mnt/i/my drive/Home Assistant Backups55
/mnt/i/my drive/Home Assistant Snapshots25
/mnt/i/my drive/Home Assistant Backups35 45 nro
/mnt/i/my drive/FOLGO
/mnt/i/my drive/backupDir
/mnt/i/my drive/iso
/mnt/i/my drive/auto_notification
/mnt/i/my drive/eg
/mnt/i/my drive/temp
/mnt/i/my drive/GD_upload
/mnt/i/my drive/Apps
/mnt/i/my drive/Home Assistant Backups70
/mnt/i/my drive/Home Assistant Backups
/mnt/i/my drive/AAA
/mnt/i/my drive/sync
/mnt/i/my drive/cloudhq
/mnt/i/my drive/a_docker_transfer_backup
/mnt/i/my drive/ME3
/mnt/i/my drive/@SynologyCloudSync
/mnt/i/my drive/MEC (1)
/mnt/i/my drive/MEC
/mnt/i/my drive/Kodi1
/mnt/i/my drive/Kodi18
/mnt/i/my drive/Kodi19
/mnt/i/my drive/Colab Notebooks
/mnt/i/my drive/USB_backup
/mnt/i/my drive/docker
/mnt/i/my drive/docker_final
/mnt/i/my drive/mch
/mnt/i/my drive/Backup of Gmail (amdamdes@mymails.cc)
/mnt/i/my drive/Backup of Google Calendar (amdamdes@gmail.com)
/mnt/i/my drive/Backup of Google Contacts (amdamdes@gmail.com)
/mnt/i/my drive/Backup of WebDAV (abraxas678@http abraxas678.synology.me 5005_)
/mnt/i/my drive/Backup of WebDAV (abraxas678@http 91.65.190.76 5005_)
/mnt/i/my drive/Kodi2
/mnt/i/my drive/Kodi3
/mnt/i/my drive/Kodi18_1
/mnt/i/my drive/Kodi18.8
/mnt/i/my drive/a_transfer
/mnt/i/my drive/a_VON_UPLOAD_SNAS
/mnt/i/my drive/ghost
/mnt/i/my drive/sec
/mnt/i/my drive/video
/mnt/i/my drive/ed
/mnt/i/my drive/rclone
/mnt/i/My Drive
/mnt/i/Shared drives
/mnt/i/Other computers
/mnt/i/$RECYCLE.BIN
/mnt/t/sec/sshkeys/windows
/mnt/t/sec/sshkeys/old
/mnt/t/sec/gpg_old
/mnt/t/sec/gpg
/mnt/t/sec/config
/mnt/t/sec/dotfiles_snas
/mnt/t/sec/dotfiles
/mnt/t/sec/pgp_old
/mnt/t/sec/rclone
/mnt/t/sec/password-store
/mnt/t/mnt/xunite
/mnt/t/mnt/nas
/mnt/t/mnt/gd1
/mnt/t/mnt/mypassport
/mnt/t/mnt/#recycle
/mnt/t/mnt/mch
/mnt/t/mnt/lenovo
/mnt/t/docker_final/cron-ffmpeg/etc
/mnt/t/docker_final/cron-ffmpeg/cloudhq
/mnt/t/docker_final/cron-ffmpeg/path
/mnt/t/docker_final/cron-ffmpeg/work
/mnt/t/docker_final/cron-ffmpeg/cron_ffmpeg
/mnt/t/docker_final/cron-ffmpeg/locate
/mnt/t/video/ffmpeg_plain/done
/mnt/t/docker_final/share_current_by_webdav
/mnt/t/docker_final/setup_new
/mnt/t/docker_final/phpmyadmin
/mnt/t/docker_final/rclone_gui
/mnt/t/docker_final/#tmp
/mnt/t/docker_final/node_red
/mnt/t/docker_final/#recycle
/mnt/t/docker_final/telegram
/mnt/t/docker_final/tmuxinator
/mnt/t/docker_final/goodsync
/mnt/t/docker_final/autojump
/mnt/t/docker_final/jdownloader
/mnt/t/docker_final/obs
/mnt/t/docker_final/cron
/mnt/t/docker_final/docker-cron-autoplay
/mnt/t/docker_final/emby2
/mnt/t/docker_final/ha_lights
/mnt/t/docker_final/docker-cron-goodsync
/mnt/t/docker_final/mariadb
/mnt/t/docker_final/ha_wifi
/mnt/t/docker_final/synth-shell
/mnt/t/docker_final/portainer
/mnt/t/docker_final/rclone_mount_mch
/mnt/t/docker_final/watchfolder
/mnt/t/docker_final/#backup
/mnt/t/docker_final/rclone_mount_xunite
/mnt/t/docker_final/#snapshot
/mnt/t/docker_final/node_red2
/mnt/t/docker_final/rclone_mount_nas
/mnt/t/docker_final/lazydocker
/mnt/t/docker_final/fonts
/mnt/t/docker_final/worker2
/mnt/t/docker_final/docker-cron
/mnt/t/docker_final/rclone_mount_gd
/mnt/t/docker_final/plex
/mnt/t/docker_final/#nano
/mnt/t/docker_final/getip
/mnt/t/docker_final/emby
/mnt/t/docker_final/zsh
/mnt/t/tvstreamrecord
/mnt/t/chat
/mnt/t/sec_1
/mnt/t/kodi_hub
/mnt/t/PortableApps
/mnt/t/cloudhq
/mnt/t/surveillance
/mnt/t/homes
/mnt/t/do
/mnt/t/music
/mnt/t/downloads
/mnt/t/sync
/mnt/t/NAKIVO_Repository
/mnt/t/docker-1
/mnt/t/NetBackup
/mnt/t/web1
/mnt/t/photo
/mnt/t/docker_final-1
/mnt/t/Lenovo_Kodi
/mnt/t/video
/mnt/t/web3
/mnt/t/home
/mnt/t/web_packages1
/mnt/t/Kodi
/mnt/t/git
/mnt/t/AppData
/mnt/t/web_packages
/mnt/t/push
/mnt/t/web
/mnt/t/backup
/volume2/docker_final/test
/mnt/c/volume2/docker
/mnt/c/volume2/docker_final2
/mnt/c/$Recycle.Bin
/mnt/c/$WinREAgent
/mnt/c/Intel
/mnt/c/OneDriveTemp
/mnt/c/PerfLogs
/mnt/c/Program Files
/mnt/c/Program Files (x86)
/mnt/c/ProgramData
/mnt/c/rclone
/mnt/c/Recovery
/mnt/c/System Volume Information
/mnt/c/temp
/mnt/c/Users
/mnt/c/volume1
/mnt/c/Windows
/volume2/docker/utils/ls
/volume2/docker/utils/nano
/volume2/docker/utils/password-store
/volume2/docker/utils/start_app3.sh
/volume2/docker/utils/zsh-syntax-highlighting
/mnt/cloudhq
/mnt/docker
/mnt/downloads2
/mnt/razer
/mnt/snas
/volume2/docker/utils/path/#recycle
/volume2/docker/utils/path/2
/volume2/docker/utils/path/a_sortFILESout
/volume2/docker/utils/path/bash-progress-indicator
/volume2/docker/utils/path/cloudhq
/volume2/docker/utils/path/Desktop
/volume2/docker/utils/path/exa
/volume2/docker/utils/path/nano_folder
/volume2/docker/utils/path/node-red
/volume2/docker/utils/path/path
/volume2/docker/utils/path/playlist
/volume2/docker/utils/path/spinner
/volume2/docker/utils/path/test3
/volume2/docker/utils/path/test_googletv
/root/enhancd
/root/powerlevel10k
/root/zsh-directory-history
/bin
/boot
/dev
/etc
/home
/lib
/lib64
/media
/opt
/proc
/run
/sbin
/snap
/srv
/sys
/tmp
/usr
/var
/
/root/.config
/mnt/docker_final
/volume2/docker/utils
/mnt/c
/mnt/c/volume2
/mnt/t/video/ffmpeg_plain
/mnt/t/docker_final/cron-ffmpeg
/mnt/t/mnt/gd
/mnt/t/mnt
/root/.ssh
/volume1/sec
/mnt/t/sec
/mnt/t/sec/sshkeys
/mnt/t/sec/sshkeys/keypass
/mnt/i/my drive
/mnt/i/my drive/a_waisted
/mnt/i/my drive/a_waisted/from_snas
/mnt/i/my drive/a_waisted/from_snas/output
/mnt/i/my drive/a_waisted/from_snas/output/a_moved
/volume2/docker_final/jdownloader
/mnt/t/downloads2
/mnt/t/downloads2/jdownloader2
/mnt/t/docker_final
/mnt/t/docker_final/worker
/volume2/docker_final/setup_new
/mnt/t/downloads2/jdownloader2/a_moved
/mnt/t/docker
/volume2/docker
/volume2/docker_final
/volume2/downloads2/jdownloader2
/volume2/downloads2/jdownloader2/a_moved
/mnt
/mnt/t
/volume2
/volume1
/volume2/downloads2
/volume2/cloudhq/q/video
/volume2/cloudhq/q/video/ffmpeg_plain/done
/volume2/cloudhq/q/video/ffmpeg_plain
/volume2/cloudhq/q
/root/path
/mnt/i/audioserge
/mnt/i
/mnt/i/a_waisted
/mnt/i/a_waisted/FINAL/audioserge
/mnt/i/a_waisted/FINAL
/volume2/docker/utils/path
/root
/root
